<?xml version="1.0" encoding="UTF-8"?>
<!-- Generated by org.testng.reporters.JUnitXMLReporter -->
<testsuite ignored="0" hostname="DESKTOP-UK4OA0E" failures="0" tests="6" name="Test" time="7.395" errors="0" timestamp="2021-04-06T08:19:38 COT">
  <testcase classname="OpenSource.open_Browser" name="Environment" time="4.817"/>
  <testcase classname="OpenSource.open_Browser" name="correctloginPage" time="0.014"/>
  <testcase classname="OpenSource.open_Browser" name="SendUser" time="0.076"/>
  <testcase classname="OpenSource.open_Browser" name="SendPassword" time="0.066"/>
  <testcase classname="OpenSource.open_Browser" name="clickOnLogIn" time="2.373"/>
  <testcase classname="OpenSource.open_Browser" name="LoginConfirmed" time="0.012"/>
</testsuite> <!-- Test -->
