<?xml version="1.0" encoding="UTF-8"?>
<!-- Generated by org.testng.reporters.JUnitXMLReporter -->
<testsuite ignored="0" hostname="DESKTOP-UK4OA0E" failures="0" tests="7" name="Test" time="6.746" errors="0" timestamp="2021-04-06T16:03:50 COT">
  <testcase classname="OpenSource.open_Browser" name="Environment" time="4.384"/>
  <testcase classname="OpenSource.open_Browser" name="correctloginPage" time="0.017"/>
  <testcase classname="OpenSource.open_Browser" name="SendUser" time="0.078"/>
  <testcase classname="OpenSource.open_Browser" name="SendPassword" time="0.075"/>
  <testcase classname="OpenSource.open_Browser" name="clickOnLogIn" time="2.064"/>
  <testcase classname="OpenSource.open_Browser" name="LoginConfirmed" time="0.011"/>
  <testcase classname="OpenSource.open_Browser" name="CloseBrowser" time="0.069"/>
</testsuite> <!-- Test -->
