<?xml version="1.0" encoding="UTF-8"?>
<!-- Generated by org.testng.reporters.JUnitXMLReporter -->
<testsuite hostname="DESKTOP-UK4OA0E" ignored="0" name="Test" tests="6" failures="0" timestamp="2021-04-06T08:14:56 COT" time="7.348" errors="0">
  <testcase name="Environment" time="4.687" classname="OpenSource.open_Browser"/>
  <testcase name="correctloginPage" time="0.015" classname="OpenSource.open_Browser"/>
  <testcase name="SendUser" time="0.089" classname="OpenSource.open_Browser"/>
  <testcase name="SendPassword" time="0.085" classname="OpenSource.open_Browser"/>
  <testcase name="clickOnLogIn" time="2.432" classname="OpenSource.open_Browser"/>
  <testcase name="LoginConfirmed" time="0.01" classname="OpenSource.open_Browser"/>
</testsuite> <!-- Test -->
