<?xml version="1.0" encoding="UTF-8"?>
<testng-results ignored="0" total="6" passed="6" failed="0" skipped="0">
  <reporter-output>
  </reporter-output>
  <suite started-at="2021-04-06T08:19:31 COT" name="Orange HRM Test" finished-at="2021-04-06T08:19:38 COT" duration-ms="7395">
    <groups>
    </groups>
    <test started-at="2021-04-06T08:19:31 COT" name="Test" finished-at="2021-04-06T08:19:38 COT" duration-ms="7395">
      <class name="OpenSource.open_Browser">
        <test-method signature="Environment()[pri:0, instance:OpenSource.open_Browser@2accdbb5]" started-at="2021-04-06T08:19:31 COT" name="Environment" finished-at="2021-04-06T08:19:36 COT" duration-ms="4817" status="PASS">
          <reporter-output>
          </reporter-output>
        </test-method> <!-- Environment -->
        <test-method signature="correctloginPage()[pri:0, instance:OpenSource.open_Browser@2accdbb5]" started-at="2021-04-06T08:19:36 COT" name="correctloginPage" finished-at="2021-04-06T08:19:36 COT" duration-ms="14" status="PASS">
          <reporter-output>
          </reporter-output>
        </test-method> <!-- correctloginPage -->
        <test-method signature="SendUser()[pri:0, instance:OpenSource.open_Browser@2accdbb5]" started-at="2021-04-06T08:19:36 COT" name="SendUser" finished-at="2021-04-06T08:19:36 COT" duration-ms="76" status="PASS">
          <reporter-output>
          </reporter-output>
        </test-method> <!-- SendUser -->
        <test-method signature="SendPassword()[pri:0, instance:OpenSource.open_Browser@2accdbb5]" started-at="2021-04-06T08:19:36 COT" name="SendPassword" finished-at="2021-04-06T08:19:36 COT" duration-ms="66" status="PASS">
          <reporter-output>
          </reporter-output>
        </test-method> <!-- SendPassword -->
        <test-method signature="clickOnLogIn()[pri:0, instance:OpenSource.open_Browser@2accdbb5]" started-at="2021-04-06T08:19:36 COT" name="clickOnLogIn" finished-at="2021-04-06T08:19:38 COT" duration-ms="2373" status="PASS">
          <reporter-output>
          </reporter-output>
        </test-method> <!-- clickOnLogIn -->
        <test-method signature="LoginConfirmed()[pri:0, instance:OpenSource.open_Browser@2accdbb5]" started-at="2021-04-06T08:19:38 COT" name="LoginConfirmed" finished-at="2021-04-06T08:19:38 COT" duration-ms="12" status="PASS">
          <reporter-output>
          </reporter-output>
        </test-method> <!-- LoginConfirmed -->
      </class> <!-- OpenSource.open_Browser -->
    </test> <!-- Test -->
  </suite> <!-- Orange HRM Test -->
</testng-results>
