<?xml version="1.0" encoding="UTF-8"?>
<testng-results ignored="0" total="7" passed="7" failed="0" skipped="0">
  <reporter-output>
  </reporter-output>
  <suite started-at="2021-04-06T16:03:43 COT" name="Orange HRM Test" finished-at="2021-04-06T16:03:50 COT" duration-ms="6746">
    <groups>
    </groups>
    <test started-at="2021-04-06T16:03:43 COT" name="Test" finished-at="2021-04-06T16:03:50 COT" duration-ms="6746">
      <class name="OpenSource.open_Browser">
        <test-method signature="Environment()[pri:0, instance:OpenSource.open_Browser@b62d79]" started-at="2021-04-06T16:03:43 COT" name="Environment" finished-at="2021-04-06T16:03:47 COT" duration-ms="4384" status="PASS">
          <reporter-output>
          </reporter-output>
        </test-method> <!-- Environment -->
        <test-method signature="correctloginPage()[pri:0, instance:OpenSource.open_Browser@b62d79]" started-at="2021-04-06T16:03:47 COT" name="correctloginPage" finished-at="2021-04-06T16:03:47 COT" duration-ms="17" status="PASS">
          <reporter-output>
          </reporter-output>
        </test-method> <!-- correctloginPage -->
        <test-method signature="SendUser()[pri:0, instance:OpenSource.open_Browser@b62d79]" started-at="2021-04-06T16:03:47 COT" name="SendUser" finished-at="2021-04-06T16:03:47 COT" duration-ms="78" status="PASS">
          <reporter-output>
          </reporter-output>
        </test-method> <!-- SendUser -->
        <test-method signature="SendPassword()[pri:0, instance:OpenSource.open_Browser@b62d79]" started-at="2021-04-06T16:03:47 COT" name="SendPassword" finished-at="2021-04-06T16:03:47 COT" duration-ms="75" status="PASS">
          <reporter-output>
          </reporter-output>
        </test-method> <!-- SendPassword -->
        <test-method signature="clickOnLogIn()[pri:0, instance:OpenSource.open_Browser@b62d79]" started-at="2021-04-06T16:03:47 COT" name="clickOnLogIn" finished-at="2021-04-06T16:03:50 COT" duration-ms="2064" status="PASS">
          <reporter-output>
          </reporter-output>
        </test-method> <!-- clickOnLogIn -->
        <test-method signature="LoginConfirmed()[pri:0, instance:OpenSource.open_Browser@b62d79]" started-at="2021-04-06T16:03:50 COT" name="LoginConfirmed" finished-at="2021-04-06T16:03:50 COT" duration-ms="11" status="PASS">
          <reporter-output>
          </reporter-output>
        </test-method> <!-- LoginConfirmed -->
        <test-method signature="CloseBrowser()[pri:0, instance:OpenSource.open_Browser@b62d79]" started-at="2021-04-06T16:03:50 COT" name="CloseBrowser" finished-at="2021-04-06T16:03:50 COT" duration-ms="69" status="PASS">
          <reporter-output>
          </reporter-output>
        </test-method> <!-- CloseBrowser -->
      </class> <!-- OpenSource.open_Browser -->
    </test> <!-- Test -->
  </suite> <!-- Orange HRM Test -->
</testng-results>
